#-----------------------------------------------------------
# Vivado v2014.2 (64-bit)
# SW Build 932637 on Wed Jun 11 13:08:52 MDT 2014
# IP Build 924643 on Fri May 30 09:20:16 MDT 2014
# Start of session at: Wed Aug 31 12:57:17 2016
# Process ID: 30335
# Log file: /home/tdsdaq01/lianglocal/fpgaMgr/./xtcl_backlog/checkhere.log
# Journal file: 
#-----------------------------------------------------------
catch {source jtagutils.tcl -notrace}
0
setup_hardware_server
INFO: [Labtools 27-2285] Connecting to hw_server url TCP:localhost:3121
INFO: [Labtools 27-2222] Launching hw_server...
INFO: [Labtools 27-2221] Launch Output:

****** Xilinx hw_server v2014.2
  **** Build date : Jun 11 2014-13:08:17
    ** Copyright 1986-1999, 2001-2014 Xilinx, Inc. All Rights Reserved.

INFO: hw_server application started
INFO: Use Ctrl-C to exit hw_server application


INFO: [Labtools 27-2286] Connecting to vcse_server host localhost port 60001
INFO: [Labtools 27-109] Started Vivado Cse Server instance on port: 60001
INFO: [Labtools 27-2286] Connecting to vcse_server host localhost port 60001
INFO: [Labtools 27-147] vcse_server: TCF plugin connecting to hw_server...
INFO: [Labtools 27-147] vcse_server: TCF Plugin connection established with hw_server.
INFO: [Labtools 27-147] vcse_server: TCF plugin connecting to hw_server...
INFO: [Labtools 27-147] vcse_server: TCF Plugin connection established with hw_server.
INFO: [Labtools 27-147] vcse_server: TCF plugin connecting to hw_server...
INFO: [Labtools 27-147] vcse_server: TCF Plugin connection established with hw_server.
CONNECT_HW_SERVER_OK
0
deploy_bitstream localhost/xilinx_tcf/Digilent/210203A0237EA ./bitfiles/virtex7_ibert.bit NA
INFO: [jtagutils.tcl] Found Bitstream file: ./bitfiles/virtex7_ibert.bit
INFO: [Labtools 27-147] vcse_server: TCF plugin connecting to hw_server...
INFO: [Labtools 27-147] vcse_server: TCF Plugin connection established with hw_server.
INFO: [Labtools 27-1817] Device xc7vx485t (JTAG device index = 0) has 1 IBERT cores.
INFO: [Labtools 27-2154] Reading 20273547 bytes from file ./bitfiles/virtex7_ibert.bit...
INFO: [Labtools 27-32] Done pin status: HIGH
program_hw_devices: Time (s): cpu = 00:00:03 ; elapsed = 00:00:42 . Memory (MB): peak = 1046.465 ; gain = 173.016
INFO: [Labtools 27-1817] Device xc7vx485t (JTAG device index = 0) has 1 IBERT cores.
DEPLOY_BITSTREAM_OK
0
eye_scan
INFO: [Labtools 27-2267] Found 1 links.
wait_on_hw_sio_scan: Time (s): cpu = 00:00:00.01 ; elapsed = 00:00:07 . Memory (MB): peak = 1046.469 ; gain = 0.000
EYE_SCAN_DONE
0
close_hardware_server
disconnect_hw_server: Time (s): cpu = 00:00:00 ; elapsed = 00:00:10 . Memory (MB): peak = 1046.469 ; gain = 0.000
DISCONNECT_HW_SERVER_OK
0
